[2017-04-03 20:36:24] slim-app.INFO: InsertGuitars '/' route [] {"uid":"8b9d758"}
[2017-04-03 20:36:24] slim-app.INFO: InsertGuitars '/'11, 1, 1, PRS, 2017-04-03, 2017-04-03 [] {"uid":"8b9d758"}
[2017-04-03 20:39:24] slim-app.INFO: InsertGuitars '/' route [] {"uid":"fe6404a"}
[2017-04-03 20:39:24] slim-app.INFO: InsertGuitars '/'12, 1, 1, Gold Top, 2017-04-03, 2017-04-03 [] {"uid":"fe6404a"}
[2017-04-03 20:40:19] slim-app.INFO: InsertGuitars '/' route [] {"uid":"e851b2b"}
[2017-04-03 20:40:19] slim-app.INFO: InsertGuitars '/'12, 1, 1, Gold Top, 2017-04-03, 2017-04-03 [] {"uid":"e851b2b"}
[2017-04-03 20:43:25] slim-app.INFO: InsertGuitars [] {"uid":"5ffac31"}
[2017-04-03 20:43:25] slim-app.INFO: InsertGuitars '/'12, 1, 1, Gold Top, 2017-04-03, 2017-04-03 [] {"uid":"5ffac31"}
[2017-04-03 20:54:32] slim-app.INFO: DeleteGuitarsById  '/' Código =>12 [] {"uid":"c9dc1d6"}
[2017-04-03 20:55:01] slim-app.INFO: DeleteGuitarsById  '/' Código =>12 [] {"uid":"e5765d4"}
[2017-04-03 20:55:01] slim-app.INFO: updateGuitarsById '/'2, 2, Gold Top, 2017-04-03, 2017-04-03 [] {"uid":"e5765d4"}
[2017-04-03 20:55:28] slim-app.INFO: DeleteGuitarsById  '/' Código =>12 [] {"uid":"fc0e756"}
[2017-04-03 20:55:29] slim-app.INFO: updateGuitarsById '/'2, 2, Gold Top, 2017-04-03, 2017-04-03 [] {"uid":"fc0e756"}
[2017-04-03 20:56:07] slim-app.INFO: DeleteGuitarsById  '/' Código =>12 [] {"uid":"6edbe5f"}
[2017-04-03 20:56:07] slim-app.INFO: updateGuitarsById '/'2, 2, Gold Top, 2017-04-03, 2017-04-03 [] {"uid":"6edbe5f"}
[2017-04-03 20:56:54] slim-app.INFO: DeleteGuitarsById  '/' Código =>12 [] {"uid":"78fa4c4"}
[2017-04-03 20:56:54] slim-app.INFO: updateGuitarsById '/'2, 2, Gold Top, 2017-04-03, 2017-04-03 [] {"uid":"78fa4c4"}
[2017-04-03 20:58:37] slim-app.INFO: DeleteGuitarsById Código =>12 [] {"uid":"80abdb5"}
[2017-04-03 20:58:37] slim-app.INFO: updateGuitarsById '/'2, 2, Gold Top, 2017-04-03, 2017-04-03 [] {"uid":"80abdb5"}
[2017-04-03 21:03:16] slim-app.INFO: DeleteGuitarsById Código =>12 [] {"uid":"4f88f5a"}
[2017-04-03 21:03:16] slim-app.INFO: updateGuitarsById '/'2, 2, Gold Top, 2017-04-03, 2017-04-03 [] {"uid":"4f88f5a"}
[2017-04-03 21:05:27] slim-app.INFO: DeleteGuitarsById Código =>12 [] {"uid":"3e52e13"}
[2017-04-03 21:05:27] slim-app.INFO: updateGuitarsById '/'2, 2, Gold Top, 2017-04-03, 2017-04-03 [] {"uid":"3e52e13"}
[2017-04-03 21:06:03] slim-app.INFO: DeleteGuitarsById Código =>12 [] {"uid":"c5053fa"}
[2017-04-03 21:06:03] slim-app.INFO: updateGuitarsById '/'2, 2, Gold Top, 2017-04-03, 2017-04-03 [] {"uid":"c5053fa"}
[2017-04-03 21:09:57] slim-app.INFO: getAllGuitars '/' route [] {"uid":"682d74b"}
[2017-04-03 21:10:18] slim-app.INFO: getGuitarById '/' route [] {"uid":"e5da595"}
[2017-04-03 21:10:24] slim-app.INFO: getGuitarById '/' route [] {"uid":"431a9e4"}
[2017-04-03 21:10:28] slim-app.INFO: getGuitarById '/' route [] {"uid":"9bac848"}
[2017-04-03 21:10:33] slim-app.INFO: getGuitarById '/' route [] {"uid":"8c39ae2"}
[2017-04-03 21:12:24] slim-app.INFO: InsertGuitars [] {"uid":"115a41b"}
[2017-04-03 21:12:24] slim-app.INFO: InsertGuitars '/'06, 8, 8, Jazz Master, 2017-04-03, 2017-04-03 [] {"uid":"115a41b"}
[2017-04-03 21:14:30] slim-app.INFO: DeleteGuitarsById '/' route [] {"uid":"03ac255"}
[2017-04-03 21:15:52] slim-app.INFO: updateGuitarsById Código =>12 [] {"uid":"1e551b8"}
[2017-04-03 21:15:52] slim-app.INFO: updateGuitarsById '/'8, 8, Gold Top, 2017-04-03, 2017-04-03 [] {"uid":"1e551b8"}
[2017-04-03 21:16:39] slim-app.INFO: updateGuitarsById Código =>11 [] {"uid":"e0c1b95"}
[2017-04-03 21:16:39] slim-app.INFO: updateGuitarsById '/'2, 4, Gold Top, 2017-04-03, 2017-04-03 [] {"uid":"e0c1b95"}
